app/build/intermediates/manifest_merge_blame_file/debug/manifest-merger-blame-debug-report.txt
1<?xml version="1.0" encoding="utf-8"?>
2<manifest xmlns:android="http://schemas.android.com/apk/res/android"
3    package="com.etu.bookcrossing"
4    android:versionCode="1"
5    android:versionName="1.0" >
6
7    <uses-sdk
8        android:minSdkVersion="24"
8-->src/main/AndroidManifest.xml
9        android:targetSdkVersion="33" />
9-->src/main/AndroidManifest.xml
10
11    <uses-permission android:name="android.permission.INTERNET" />
11-->src/main/AndroidManifest.xml:5:5-67
11-->src/main/AndroidManifest.xml:5:22-64
12    <uses-permission android:name="android.permission.ACCESS_NETWORK_STATE" />
12-->src/main/AndroidManifest.xml:6:5-79
12-->src/main/AndroidManifest.xml:6:22-76
13    <uses-permission android:name="android.permission.POST_NOTIFICATIONS" />
13-->src/main/AndroidManifest.xml:7:5-77
13-->src/main/AndroidManifest.xml:7:22-74
14    <uses-permission android:name="android.permission.WAKE_LOCK" />
14-->[androidx.work:work-runtime:2.8.0] AndroidManifest.xml:23:5-68
14-->[androidx.work:work-runtime:2.8.0] AndroidManifest.xml:23:22-65
15    <uses-permission android:name="android.permission.RECEIVE_BOOT_COMPLETED" />
15-->[androidx.work:work-runtime:2.8.0] AndroidManifest.xml:25:5-81
15-->[androidx.work:work-runtime:2.8.0] AndroidManifest.xml:25:22-78
16    <uses-permission android:name="android.permission.FOREGROUND_SERVICE" />
16-->[androidx.work:work-runtime:2.8.0] AndroidManifest.xml:26:5-77
16-->[androidx.work:work-runtime:2.8.0] AndroidManifest.xml:26:22-74
17
18    <permission
18-->[androidx.core:core:1.9.0] AndroidManifest.xml:22:5-24:47
19        android:name="com.etu.bookcrossing.DYNAMIC_RECEIVER_NOT_EXPORTED_PERMISSION"
19-->[androidx.core:core:1.9.0] AndroidManifest.xml:23:9-81
20        android:protectionLevel="signature" />
20-->[androidx.core:core:1.9.0] AndroidManifest.xml:24:9-44
21
22    <uses-permission android:name="com.etu.bookcrossing.DYNAMIC_RECEIVER_NOT_EXPORTED_PERMISSION" />
22-->[androidx.core:core:1.9.0] AndroidManifest.xml:26:5-97
22-->[androidx.core:core:1.9.0] AndroidManifest.xml:26:22-94
23    <uses-permission android:name="android.permission.REORDER_TASKS" />
23-->[androidx.test:core:1.4.0] AndroidManifest.xml:24:5-72
23-->[androidx.test:core:1.4.0] AndroidManifest.xml:24:22-69
24
25    <application
25-->src/main/AndroidManifest.xml:9:5-43:19
26        android:name="com.etu.bookcrossing.App"
26-->src/main/AndroidManifest.xml:10:9-48
27        android:allowBackup="false"
27-->src/main/AndroidManifest.xml:11:9-36
28        android:appComponentFactory="androidx.core.app.CoreComponentFactory"
28-->[androidx.core:core:1.9.0] AndroidManifest.xml:28:18-86
29        android:dataExtractionRules="@xml/data_extraction_rules"
29-->src/main/AndroidManifest.xml:12:9-65
30        android:debuggable="true"
31        android:fullBackupContent="@xml/backup_rules"
31-->src/main/AndroidManifest.xml:13:9-54
32        android:icon="@mipmap/ic_launcher"
32-->src/main/AndroidManifest.xml:14:9-43
33        android:label="@string/app_name"
33-->src/main/AndroidManifest.xml:15:9-41
34        android:supportsRtl="true"
34-->src/main/AndroidManifest.xml:16:9-35
35        android:theme="@style/Theme.BookCrossing" >
35-->src/main/AndroidManifest.xml:17:9-50
36
37<!--              TODO: Google/Яндекс Карты: ключ? -->
38
39        <meta-data
39-->src/main/AndroidManifest.xml:24:9-26:44
40            android:name="com.google.android.geo.API_KEY"
40-->src/main/AndroidManifest.xml:25:13-58
41            android:value="YOUR_API_KEY" />
41-->src/main/AndroidManifest.xml:26:13-41
42
43        <activity
43-->src/main/AndroidManifest.xml:28:9-37:20
44            android:name="com.etu.bookcrossing.MainActivity"
44-->src/main/AndroidManifest.xml:29:13-41
45            android:exported="true"
45-->src/main/AndroidManifest.xml:30:13-36
46            android:label="BookCrossing" >
46-->src/main/AndroidManifest.xml:31:13-41
47            <intent-filter>
47-->src/main/AndroidManifest.xml:32:13-36:29
48                <action android:name="android.intent.action.MAIN" />
48-->src/main/AndroidManifest.xml:33:17-69
48-->src/main/AndroidManifest.xml:33:25-66
49
50                <category android:name="android.intent.category.LAUNCHER" />
50-->src/main/AndroidManifest.xml:35:17-77
50-->src/main/AndroidManifest.xml:35:27-74
51            </intent-filter>
52        </activity>
53
54        <service
54-->[androidx.work:work-runtime:2.8.0] AndroidManifest.xml:39:9-45:35
55            android:name="androidx.work.impl.background.systemalarm.SystemAlarmService"
55-->[androidx.work:work-runtime:2.8.0] AndroidManifest.xml:40:13-88
56            android:directBootAware="false"
56-->[androidx.work:work-runtime:2.8.0] AndroidManifest.xml:41:13-44
57            android:enabled="@bool/enable_system_alarm_service_default"
57-->[androidx.work:work-runtime:2.8.0] AndroidManifest.xml:42:13-72
58            android:exported="false" />
58-->[androidx.work:work-runtime:2.8.0] AndroidManifest.xml:43:13-37
59        <service
59-->[androidx.work:work-runtime:2.8.0] AndroidManifest.xml:46:9-52:35
60            android:name="androidx.work.impl.background.systemjob.SystemJobService"
60-->[androidx.work:work-runtime:2.8.0] AndroidManifest.xml:47:13-84
61            android:directBootAware="false"
61-->[androidx.work:work-runtime:2.8.0] AndroidManifest.xml:48:13-44
62            android:enabled="@bool/enable_system_job_service_default"
62-->[androidx.work:work-runtime:2.8.0] AndroidManifest.xml:49:13-70
63            android:exported="true"
63-->[androidx.work:work-runtime:2.8.0] AndroidManifest.xml:50:13-36
64            android:permission="android.permission.BIND_JOB_SERVICE" />
64-->[androidx.work:work-runtime:2.8.0] AndroidManifest.xml:51:13-69
65        <service
65-->[androidx.work:work-runtime:2.8.0] AndroidManifest.xml:53:9-59:35
66            android:name="androidx.work.impl.foreground.SystemForegroundService"
66-->[androidx.work:work-runtime:2.8.0] AndroidManifest.xml:54:13-81
67            android:directBootAware="false"
67-->[androidx.work:work-runtime:2.8.0] AndroidManifest.xml:55:13-44
68            android:enabled="@bool/enable_system_foreground_service_default"
68-->[androidx.work:work-runtime:2.8.0] AndroidManifest.xml:56:13-77
69            android:exported="false" />
69-->[androidx.work:work-runtime:2.8.0] AndroidManifest.xml:57:13-37
70
71        <receiver
71-->[androidx.work:work-runtime:2.8.0] AndroidManifest.xml:61:9-66:35
72            android:name="androidx.work.impl.utils.ForceStopRunnable$BroadcastReceiver"
72-->[androidx.work:work-runtime:2.8.0] AndroidManifest.xml:62:13-88
73            android:directBootAware="false"
73-->[androidx.work:work-runtime:2.8.0] AndroidManifest.xml:63:13-44
74            android:enabled="true"
74-->[androidx.work:work-runtime:2.8.0] AndroidManifest.xml:64:13-35
75            android:exported="false" />
75-->[androidx.work:work-runtime:2.8.0] AndroidManifest.xml:65:13-37
76        <receiver
76-->[androidx.work:work-runtime:2.8.0] AndroidManifest.xml:67:9-77:20
77            android:name="androidx.work.impl.background.systemalarm.ConstraintProxy$BatteryChargingProxy"
77-->[androidx.work:work-runtime:2.8.0] AndroidManifest.xml:68:13-106
78            android:directBootAware="false"
78-->[androidx.work:work-runtime:2.8.0] AndroidManifest.xml:69:13-44
79            android:enabled="false"
79-->[androidx.work:work-runtime:2.8.0] AndroidManifest.xml:70:13-36
80            android:exported="false" >
80-->[androidx.work:work-runtime:2.8.0] AndroidManifest.xml:71:13-37
81            <intent-filter>
81-->[androidx.work:work-runtime:2.8.0] AndroidManifest.xml:73:13-76:29
82                <action android:name="android.intent.action.ACTION_POWER_CONNECTED" />
82-->[androidx.work:work-runtime:2.8.0] AndroidManifest.xml:74:17-87
82-->[androidx.work:work-runtime:2.8.0] AndroidManifest.xml:74:25-84
83                <action android:name="android.intent.action.ACTION_POWER_DISCONNECTED" />
83-->[androidx.work:work-runtime:2.8.0] AndroidManifest.xml:75:17-90
83-->[androidx.work:work-runtime:2.8.0] AndroidManifest.xml:75:25-87
84            </intent-filter>
85        </receiver>
86        <receiver
86-->[androidx.work:work-runtime:2.8.0] AndroidManifest.xml:78:9-88:20
87            android:name="androidx.work.impl.background.systemalarm.ConstraintProxy$BatteryNotLowProxy"
87-->[androidx.work:work-runtime:2.8.0] AndroidManifest.xml:79:13-104
88            android:directBootAware="false"
88-->[androidx.work:work-runtime:2.8.0] AndroidManifest.xml:80:13-44
89            android:enabled="false"
89-->[androidx.work:work-runtime:2.8.0] AndroidManifest.xml:81:13-36
90            android:exported="false" >
90-->[androidx.work:work-runtime:2.8.0] AndroidManifest.xml:82:13-37
91            <intent-filter>
91-->[androidx.work:work-runtime:2.8.0] AndroidManifest.xml:84:13-87:29
92                <action android:name="android.intent.action.BATTERY_OKAY" />
92-->[androidx.work:work-runtime:2.8.0] AndroidManifest.xml:85:17-77
92-->[androidx.work:work-runtime:2.8.0] AndroidManifest.xml:85:25-74
93                <action android:name="android.intent.action.BATTERY_LOW" />
93-->[androidx.work:work-runtime:2.8.0] AndroidManifest.xml:86:17-76
93-->[androidx.work:work-runtime:2.8.0] AndroidManifest.xml:86:25-73
94            </intent-filter>
95        </receiver>
96        <receiver
96-->[androidx.work:work-runtime:2.8.0] AndroidManifest.xml:89:9-99:20
97            android:name="androidx.work.impl.background.systemalarm.ConstraintProxy$StorageNotLowProxy"
97-->[androidx.work:work-runtime:2.8.0] AndroidManifest.xml:90:13-104
98            android:directBootAware="false"
98-->[androidx.work:work-runtime:2.8.0] AndroidManifest.xml:91:13-44
99            android:enabled="false"
99-->[androidx.work:work-runtime:2.8.0] AndroidManifest.xml:92:13-36
100            android:exported="false" >
100-->[androidx.work:work-runtime:2.8.0] AndroidManifest.xml:93:13-37
101            <intent-filter>
101-->[androidx.work:work-runtime:2.8.0] AndroidManifest.xml:95:13-98:29
102                <action android:name="android.intent.action.DEVICE_STORAGE_LOW" />
102-->[androidx.work:work-runtime:2.8.0] AndroidManifest.xml:96:17-83
102-->[androidx.work:work-runtime:2.8.0] AndroidManifest.xml:96:25-80
103                <action android:name="android.intent.action.DEVICE_STORAGE_OK" />
103-->[androidx.work:work-runtime:2.8.0] AndroidManifest.xml:97:17-82
103-->[androidx.work:work-runtime:2.8.0] AndroidManifest.xml:97:25-79
104            </intent-filter>
105        </receiver>
106        <receiver
106-->[androidx.work:work-runtime:2.8.0] AndroidManifest.xml:100:9-109:20
107            android:name="androidx.work.impl.background.systemalarm.ConstraintProxy$NetworkStateProxy"
107-->[androidx.work:work-runtime:2.8.0] AndroidManifest.xml:101:13-103
108            android:directBootAware="false"
108-->[androidx.work:work-runtime:2.8.0] AndroidManifest.xml:102:13-44
109            android:enabled="false"
109-->[androidx.work:work-runtime:2.8.0] AndroidManifest.xml:103:13-36
110            android:exported="false" >
110-->[androidx.work:work-runtime:2.8.0] AndroidManifest.xml:104:13-37
111            <intent-filter>
111-->[androidx.work:work-runtime:2.8.0] AndroidManifest.xml:106:13-108:29
112                <action android:name="android.net.conn.CONNECTIVITY_CHANGE" />
112-->[androidx.work:work-runtime:2.8.0] AndroidManifest.xml:107:17-79
112-->[androidx.work:work-runtime:2.8.0] AndroidManifest.xml:107:25-76
113            </intent-filter>
114        </receiver>
115        <receiver
115-->[androidx.work:work-runtime:2.8.0] AndroidManifest.xml:110:9-121:20
116            android:name="androidx.work.impl.background.systemalarm.RescheduleReceiver"
116-->[androidx.work:work-runtime:2.8.0] AndroidManifest.xml:111:13-88
117            android:directBootAware="false"
117-->[androidx.work:work-runtime:2.8.0] AndroidManifest.xml:112:13-44
118            android:enabled="false"
118-->[androidx.work:work-runtime:2.8.0] AndroidManifest.xml:113:13-36
119            android:exported="false" >
119-->[androidx.work:work-runtime:2.8.0] AndroidManifest.xml:114:13-37
120            <intent-filter>
120-->[androidx.work:work-runtime:2.8.0] AndroidManifest.xml:116:13-120:29
121                <action android:name="android.intent.action.BOOT_COMPLETED" />
121-->[androidx.work:work-runtime:2.8.0] AndroidManifest.xml:117:17-79
121-->[androidx.work:work-runtime:2.8.0] AndroidManifest.xml:117:25-76
122                <action android:name="android.intent.action.TIME_SET" />
122-->[androidx.work:work-runtime:2.8.0] AndroidManifest.xml:118:17-73
122-->[androidx.work:work-runtime:2.8.0] AndroidManifest.xml:118:25-70
123                <action android:name="android.intent.action.TIMEZONE_CHANGED" />
123-->[androidx.work:work-runtime:2.8.0] AndroidManifest.xml:119:17-81
123-->[androidx.work:work-runtime:2.8.0] AndroidManifest.xml:119:25-78
124            </intent-filter>
125        </receiver>
126        <receiver
126-->[androidx.work:work-runtime:2.8.0] AndroidManifest.xml:122:9-131:20
127            android:name="androidx.work.impl.background.systemalarm.ConstraintProxyUpdateReceiver"
127-->[androidx.work:work-runtime:2.8.0] AndroidManifest.xml:123:13-99
128            android:directBootAware="false"
128-->[androidx.work:work-runtime:2.8.0] AndroidManifest.xml:124:13-44
129            android:enabled="@bool/enable_system_alarm_service_default"
129-->[androidx.work:work-runtime:2.8.0] AndroidManifest.xml:125:13-72
130            android:exported="false" >
130-->[androidx.work:work-runtime:2.8.0] AndroidManifest.xml:126:13-37
131            <intent-filter>
131-->[androidx.work:work-runtime:2.8.0] AndroidManifest.xml:128:13-130:29
132                <action android:name="androidx.work.impl.background.systemalarm.UpdateProxies" />
132-->[androidx.work:work-runtime:2.8.0] AndroidManifest.xml:129:17-98
132-->[androidx.work:work-runtime:2.8.0] AndroidManifest.xml:129:25-95
133            </intent-filter>
134        </receiver>
135        <receiver
135-->[androidx.work:work-runtime:2.8.0] AndroidManifest.xml:132:9-142:20
136            android:name="androidx.work.impl.diagnostics.DiagnosticsReceiver"
136-->[androidx.work:work-runtime:2.8.0] AndroidManifest.xml:133:13-78
137            android:directBootAware="false"
137-->[androidx.work:work-runtime:2.8.0] AndroidManifest.xml:134:13-44
138            android:enabled="true"
138-->[androidx.work:work-runtime:2.8.0] AndroidManifest.xml:135:13-35
139            android:exported="true"
139-->[androidx.work:work-runtime:2.8.0] AndroidManifest.xml:136:13-36
140            android:permission="android.permission.DUMP" >
140-->[androidx.work:work-runtime:2.8.0] AndroidManifest.xml:137:13-57
141            <intent-filter>
141-->[androidx.work:work-runtime:2.8.0] AndroidManifest.xml:139:13-141:29
142                <action android:name="androidx.work.diagnostics.REQUEST_DIAGNOSTICS" />
142-->[androidx.work:work-runtime:2.8.0] AndroidManifest.xml:140:17-88
142-->[androidx.work:work-runtime:2.8.0] AndroidManifest.xml:140:25-85
143            </intent-filter>
144        </receiver>
145
146        <service
146-->[androidx.room:room-runtime:2.5.0] AndroidManifest.xml:24:9-28:63
147            android:name="androidx.room.MultiInstanceInvalidationService"
147-->[androidx.room:room-runtime:2.5.0] AndroidManifest.xml:25:13-74
148            android:directBootAware="true"
148-->[androidx.room:room-runtime:2.5.0] AndroidManifest.xml:26:13-43
149            android:exported="false" />
149-->[androidx.room:room-runtime:2.5.0] AndroidManifest.xml:27:13-37
150
151        <activity
151-->[androidx.compose.ui:ui-tooling:1.3.3] AndroidManifest.xml:23:9-25:39
152            android:name="androidx.compose.ui.tooling.PreviewActivity"
152-->[androidx.compose.ui:ui-tooling:1.3.3] AndroidManifest.xml:24:13-71
153            android:exported="true" />
153-->[androidx.compose.ui:ui-tooling:1.3.3] AndroidManifest.xml:25:13-36
154        <activity
154-->[androidx.compose.ui:ui-test-manifest:1.3.3] AndroidManifest.xml:23:9-25:39
155            android:name="androidx.activity.ComponentActivity"
155-->[androidx.compose.ui:ui-test-manifest:1.3.3] AndroidManifest.xml:24:13-63
156            android:exported="true" />
156-->[androidx.compose.ui:ui-test-manifest:1.3.3] AndroidManifest.xml:25:13-36
157
158        <uses-library
158-->[androidx.window:window:1.0.0] AndroidManifest.xml:25:9-27:40
159            android:name="androidx.window.extensions"
159-->[androidx.window:window:1.0.0] AndroidManifest.xml:26:13-54
160            android:required="false" />
160-->[androidx.window:window:1.0.0] AndroidManifest.xml:27:13-37
161        <uses-library
161-->[androidx.window:window:1.0.0] AndroidManifest.xml:28:9-30:40
162            android:name="androidx.window.sidecar"
162-->[androidx.window:window:1.0.0] AndroidManifest.xml:29:13-51
163            android:required="false" />
163-->[androidx.window:window:1.0.0] AndroidManifest.xml:30:13-37
164
165        <activity
165-->[androidx.test:core:1.4.0] AndroidManifest.xml:27:9-34:20
166            android:name="androidx.test.core.app.InstrumentationActivityInvoker$BootstrapActivity"
166-->[androidx.test:core:1.4.0] AndroidManifest.xml:28:13-99
167            android:exported="true"
167-->[androidx.test:core:1.4.0] AndroidManifest.xml:29:13-36
168            android:theme="@android:style/Theme" >
168-->[androidx.test:core:1.4.0] AndroidManifest.xml:30:13-49
169            <intent-filter>
169-->[androidx.test:core:1.4.0] AndroidManifest.xml:31:13-33:29
170                <action android:name="android.intent.action.MAIN" />
170-->src/main/AndroidManifest.xml:33:17-69
170-->src/main/AndroidManifest.xml:33:25-66
171            </intent-filter>
172        </activity>
173        <activity
173-->[androidx.test:core:1.4.0] AndroidManifest.xml:35:9-42:20
174            android:name="androidx.test.core.app.InstrumentationActivityInvoker$EmptyActivity"
174-->[androidx.test:core:1.4.0] AndroidManifest.xml:36:13-95
175            android:exported="true"
175-->[androidx.test:core:1.4.0] AndroidManifest.xml:37:13-36
176            android:theme="@android:style/Theme" >
176-->[androidx.test:core:1.4.0] AndroidManifest.xml:38:13-49
177            <intent-filter>
177-->[androidx.test:core:1.4.0] AndroidManifest.xml:31:13-33:29
178                <action android:name="android.intent.action.MAIN" />
178-->src/main/AndroidManifest.xml:33:17-69
178-->src/main/AndroidManifest.xml:33:25-66
179            </intent-filter>
180        </activity>
181        <activity
181-->[androidx.test:core:1.4.0] AndroidManifest.xml:43:9-50:20
182            android:name="androidx.test.core.app.InstrumentationActivityInvoker$EmptyFloatingActivity"
182-->[androidx.test:core:1.4.0] AndroidManifest.xml:44:13-103
183            android:exported="true"
183-->[androidx.test:core:1.4.0] AndroidManifest.xml:45:13-36
184            android:theme="@android:style/Theme.Dialog" >
184-->[androidx.test:core:1.4.0] AndroidManifest.xml:46:13-56
185            <intent-filter>
185-->[androidx.test:core:1.4.0] AndroidManifest.xml:31:13-33:29
186                <action android:name="android.intent.action.MAIN" />
186-->src/main/AndroidManifest.xml:33:17-69
186-->src/main/AndroidManifest.xml:33:25-66
187            </intent-filter>
188        </activity>
189
190        <receiver
190-->[androidx.profileinstaller:profileinstaller:1.2.0] AndroidManifest.xml:35:9-47:20
191            android:name="androidx.profileinstaller.ProfileInstallReceiver"
191-->[androidx.profileinstaller:profileinstaller:1.2.0] AndroidManifest.xml:36:13-76
192            android:directBootAware="false"
192-->[androidx.profileinstaller:profileinstaller:1.2.0] AndroidManifest.xml:37:13-44
193            android:enabled="true"
193-->[androidx.profileinstaller:profileinstaller:1.2.0] AndroidManifest.xml:38:13-35
194            android:exported="true"
194-->[androidx.profileinstaller:profileinstaller:1.2.0] AndroidManifest.xml:39:13-36
195            android:permission="android.permission.DUMP" >
195-->[androidx.profileinstaller:profileinstaller:1.2.0] AndroidManifest.xml:40:13-57
196            <intent-filter>
196-->[androidx.profileinstaller:profileinstaller:1.2.0] AndroidManifest.xml:41:13-43:29
197                <action android:name="androidx.profileinstaller.action.INSTALL_PROFILE" />
197-->[androidx.profileinstaller:profileinstaller:1.2.0] AndroidManifest.xml:42:17-91
197-->[androidx.profileinstaller:profileinstaller:1.2.0] AndroidManifest.xml:42:25-88
198            </intent-filter>
199            <intent-filter>
199-->[androidx.profileinstaller:profileinstaller:1.2.0] AndroidManifest.xml:44:13-46:29
200                <action android:name="androidx.profileinstaller.action.SKIP_FILE" />
200-->[androidx.profileinstaller:profileinstaller:1.2.0] AndroidManifest.xml:45:17-85
200-->[androidx.profileinstaller:profileinstaller:1.2.0] AndroidManifest.xml:45:25-82
201            </intent-filter>
202        </receiver> <!-- The activities will be merged into the manifest of the hosting app. -->
203        <activity
203-->[com.google.android.play:core:1.10.3] AndroidManifest.xml:18:9-24:45
204            android:name="com.google.android.play.core.missingsplits.PlayCoreMissingSplitsActivity"
204-->[com.google.android.play:core:1.10.3] AndroidManifest.xml:19:13-100
205            android:enabled="false"
205-->[com.google.android.play:core:1.10.3] AndroidManifest.xml:20:13-36
206            android:exported="false"
206-->[com.google.android.play:core:1.10.3] AndroidManifest.xml:21:13-37
207            android:launchMode="singleInstance"
207-->[com.google.android.play:core:1.10.3] AndroidManifest.xml:22:13-48
208            android:process=":playcore_missing_splits_activity"
208-->[com.google.android.play:core:1.10.3] AndroidManifest.xml:23:13-64
209            android:stateNotNeeded="true" />
209-->[com.google.android.play:core:1.10.3] AndroidManifest.xml:24:13-42
210        <activity
210-->[com.google.android.play:core:1.10.3] AndroidManifest.xml:25:9-29:65
211            android:name="com.google.android.play.core.common.PlayCoreDialogWrapperActivity"
211-->[com.google.android.play:core:1.10.3] AndroidManifest.xml:26:13-93
212            android:exported="false"
212-->[com.google.android.play:core:1.10.3] AndroidManifest.xml:27:13-37
213            android:stateNotNeeded="true"
213-->[com.google.android.play:core:1.10.3] AndroidManifest.xml:28:13-42
214            android:theme="@style/Theme.PlayCore.Transparent" /> <!-- The services will be merged into the manifest of the hosting app. -->
214-->[com.google.android.play:core:1.10.3] AndroidManifest.xml:29:13-62
215        <service
215-->[com.google.android.play:core:1.10.3] AndroidManifest.xml:32:9-39:19
216            android:name="com.google.android.play.core.assetpacks.AssetPackExtractionService"
216-->[com.google.android.play:core:1.10.3] AndroidManifest.xml:33:13-94
217            android:enabled="false"
217-->[com.google.android.play:core:1.10.3] AndroidManifest.xml:34:13-36
218            android:exported="true" >
218-->[com.google.android.play:core:1.10.3] AndroidManifest.xml:35:13-36
219            <meta-data
219-->[com.google.android.play:core:1.10.3] AndroidManifest.xml:36:13-38:41
220                android:name="com.google.android.play.core.assetpacks.versionCode"
220-->[com.google.android.play:core:1.10.3] AndroidManifest.xml:37:17-83
221                android:value="11003" />
221-->[com.google.android.play:core:1.10.3] AndroidManifest.xml:38:17-38
222        </service>
223        <service
223-->[com.google.android.play:core:1.10.3] AndroidManifest.xml:40:9-43:40
224            android:name="com.google.android.play.core.assetpacks.ExtractionForegroundService"
224-->[com.google.android.play:core:1.10.3] AndroidManifest.xml:41:13-95
225            android:enabled="false"
225-->[com.google.android.play:core:1.10.3] AndroidManifest.xml:42:13-36
226            android:exported="false" />
226-->[com.google.android.play:core:1.10.3] AndroidManifest.xml:43:13-37
227    </application>
228
229</manifest>